# JRE version: 7.0_25-b15
# Java VM: Java HotSpot(TM) 64-Bit Server VM (23.25-b01 mixed mode bsd-amd64 compressed oops)
Heap
 PSYoungGen      total 38784K, used 33435K [0x0000000141f30000, 0x00000001447f0000, 0x00000001593d0000)
  eden space 35840K, 85% used [0x0000000141f30000,0x0000000143cfef68,0x0000000144230000)
  from space 2944K, 98% used [0x0000000144510000,0x00000001447e8020,0x00000001447f0000)
  to   space 2944K, 0% used [0x0000000144230000,0x0000000144230000,0x0000000144510000)
 ParOldGen       total 47680K, used 4449K [0x00000001135d0000, 0x0000000116460000, 0x0000000141f30000)
  object space 47680K, 9% used [0x00000001135d0000,0x0000000113a287b0,0x0000000116460000)
 PSPermGen       total 21248K, used 6341K [0x000000010e3d0000, 0x000000010f890000, 0x00000001135d0000)
  object space 21248K, 29% used [0x000000010e3d0000,0x000000010ea01768,0x000000010f890000)
GC Heap History (4 events):
Event: 0.566 GC heap before
{Heap before GC invocations=1 (full 0):
 PSYoungGen      total 20864K, used 17920K [0x0000000141f30000, 0x0000000143670000, 0x00000001593d0000)
  eden space 17920K, 100% used [0x0000000141f30000,0x00000001430b0000,0x00000001430b0000)
  from space 2944K, 0% used [0x0000000143390000,0x0000000143390000,0x0000000143670000)
  to   space 2944K, 0% used [0x00000001430b0000,0x00000001430b0000,0x0000000143390000)
 ParOldGen       total 47680K, used 0K [0x00000001135d0000, 0x0000000116460000, 0x0000000141f30000)
  object space 47680K, 0% used [0x00000001135d0000,0x00000001135d0000,0x0000000116460000)
 PSPermGen       total 21248K, used 5852K [0x000000010e3d0000, 0x000000010f890000, 0x00000001135d0000)
  object space 21248K, 27% used [0x000000010e3d0000,0x000000010e9871a0,0x000000010f890000)
Event: 0.573 GC heap after
Heap after GC invocations=1 (full 0):
 PSYoungGen      total 20864K, used 2928K [0x0000000141f30000, 0x00000001447f0000, 0x00000001593d0000)
  eden space 17920K, 0% used [0x0000000141f30000,0x0000000141f30000,0x00000001430b0000)
  from space 2944K, 99% used [0x00000001430b0000,0x000000014338c010,0x0000000143390000)
  to   space 2944K, 0% used [0x0000000144510000,0x0000000144510000,0x00000001447f0000)
 ParOldGen       total 47680K, used 2649K [0x00000001135d0000, 0x0000000116460000, 0x0000000141f30000)
  object space 47680K, 5% used [0x00000001135d0000,0x00000001138667b0,0x0000000116460000)
 PSPermGen       total 21248K, used 5852K [0x000000010e3d0000, 0x000000010f890000, 0x00000001135d0000)
  object space 21248K, 27% used [0x000000010e3d0000,0x000000010e9871a0,0x000000010f890000)
}
Event: 0.684 GC heap before
{Heap before GC invocations=2 (full 0):
 PSYoungGen      total 20864K, used 20848K [0x0000000141f30000, 0x00000001447f0000, 0x00000001593d0000)
  eden space 17920K, 100% used [0x0000000141f30000,0x00000001430b0000,0x00000001430b0000)
  from space 2944K, 99% used [0x00000001430b0000,0x000000014338c010,0x0000000143390000)
  to   space 2944K, 0% used [0x0000000144510000,0x0000000144510000,0x00000001447f0000)
 ParOldGen       total 47680K, used 2649K [0x00000001135d0000, 0x0000000116460000, 0x0000000141f30000)
  object space 47680K, 5% used [0x00000001135d0000,0x00000001138667b0,0x0000000116460000)
 PSPermGen       total 21248K, used 6285K [0x000000010e3d0000, 0x000000010f890000, 0x00000001135d0000)
  object space 21248K, 29% used [0x000000010e3d0000,0x000000010e9f3478,0x000000010f890000)
Event: 0.690 GC heap after
Heap after GC invocations=2 (full 0):
 PSYoungGen      total 38784K, used 2912K [0x0000000141f30000, 0x00000001447f0000, 0x00000001593d0000)
  eden space 35840K, 0% used [0x0000000141f30000,0x0000000141f30000,0x0000000144230000)
  from space 2944K, 98% used [0x0000000144510000,0x00000001447e8020,0x00000001447f0000)
  to   space 2944K, 0% used [0x0000000144230000,0x0000000144230000,0x0000000144510000)
 ParOldGen       total 47680K, used 4449K [0x00000001135d0000, 0x0000000116460000, 0x0000000141f30000)
  object space 47680K, 9% used [0x00000001135d0000,0x0000000113a287b0,0x0000000116460000)
 PSPermGen       total 21248K, used 6285K [0x000000010e3d0000, 0x000000010f890000, 0x00000001135d0000)
  object space 21248K, 29% used [0x000000010e3d0000,0x000000010e9f3478,0x000000010f890000)
}

